<?xml version="1.0" encoding="UTF-8"?>
<!-- Generated by org.testng.reporters.JUnitReportReporter -->
<testsuite hostname="WINDOWS-UNR7VLH" failures="0" tests="2" name="martchbatch.NewTest" time="0.063" errors="0" timestamp="2023-03-24T13:10:41 IST" skipped="0">
  <testcase classname="martchbatch.NewTest" name="f" time="0.059"/>
  <system-out/>
  <testcase classname="martchbatch.NewTest" name="f" time="0.004"/>
  <system-out/>
</testsuite> <!-- martchbatch.NewTest -->
